Using pre-set license
Built from '2022.3/staging' branch; Version is '2022.3.4f1 (35713cd46cd7) revision 3502396'; Using compiler version '192829333'; Build Type 'Release'
OS: 'Windows 11  (10.0.22621) 64bit CoreSingleLanguage' Language: 'en' Physical Memory: 15792 MB
BatchMode: 1, IsHumanControllingUs: 0, StartBugReporterOnCrash: 0, Is64bit: 1, IsPro: 1

COMMAND LINE ARGUMENTS:
C:\Program Files\Unity\Hub\Editor\2022.3.4f1\Editor\Unity.exe
-adb2
-batchMode
-noUpm
-name
AssetImportWorker0
-projectPath
G:/SpaceOdessy
-logFile
Logs/AssetImportWorker0.log
-srvPort
55633
Successfully changed project path to: G:/SpaceOdessy
G:/SpaceOdessy
[UnityMemory] Configuration Parameters - Can be set up in boot.config
    "memorysetup-bucket-allocator-granularity=16"
    "memorysetup-bucket-allocator-bucket-count=8"
    "memorysetup-bucket-allocator-block-size=33554432"
    "memorysetup-bucket-allocator-block-count=8"
    "memorysetup-main-allocator-block-size=16777216"
    "memorysetup-thread-allocator-block-size=16777216"
    "memorysetup-gfx-main-allocator-block-size=16777216"
    "memorysetup-gfx-thread-allocator-block-size=16777216"
    "memorysetup-cache-allocator-block-size=4194304"
    "memorysetup-typetree-allocator-block-size=2097152"
    "memorysetup-profiler-bucket-allocator-granularity=16"
    "memorysetup-profiler-bucket-allocator-bucket-count=8"
    "memorysetup-profiler-bucket-allocator-block-size=33554432"
    "memorysetup-profiler-bucket-allocator-block-count=8"
    "memorysetup-profiler-allocator-block-size=16777216"
    "memorysetup-profiler-editor-allocator-block-size=1048576"
    "memorysetup-temp-allocator-size-main=16777216"
    "memorysetup-job-temp-allocator-block-size=2097152"
    "memorysetup-job-temp-allocator-block-size-background=1048576"
    "memorysetup-job-temp-allocator-reduction-small-platforms=262144"
    "memorysetup-allocator-temp-initial-block-size-main=262144"
    "memorysetup-allocator-temp-initial-block-size-worker=262144"
    "memorysetup-temp-allocator-size-background-worker=32768"
    "memorysetup-temp-allocator-size-job-worker=262144"
    "memorysetup-temp-allocator-size-preload-manager=33554432"
    "memorysetup-temp-allocator-size-nav-mesh-worker=65536"
    "memorysetup-temp-allocator-size-audio-worker=65536"
    "memorysetup-temp-allocator-size-cloud-worker=32768"
    "memorysetup-temp-allocator-size-gi-baking-worker=262144"
    "memorysetup-temp-allocator-size-gfx=262144"
Player connection [33820] Host "[IP] 192.168.1.2 [Port] 0 [Flags] 2 [Guid] 3131495577 [EditorId] 3131495577 [Version] 1048832 [Id] WindowsEditor(7,ZEPHYRUS-GURU) [Debug] 1 [PackageName] WindowsEditor [ProjectName] Editor" joined multi-casting on [225.0.0.222:54997]...

Player connection [33820] Host "[IP] 192.168.1.2 [Port] 0 [Flags] 2 [Guid] 3131495577 [EditorId] 3131495577 [Version] 1048832 [Id] WindowsEditor(7,ZEPHYRUS-GURU) [Debug] 1 [PackageName] WindowsEditor [ProjectName] Editor" joined alternative multi-casting on [225.0.0.222:34997]...

Refreshing native plugins compatible for Editor in 7.69 ms, found 4 plugins.
Preloading 0 native plugins for Editor in 0.00 ms.
Initialize engine version: 2022.3.4f1 (35713cd46cd7)
[Subsystems] Discovering subsystems at path C:/Program Files/Unity/Hub/Editor/2022.3.4f1/Editor/Data/Resources/UnitySubsystems
[Subsystems] Discovering subsystems at path G:/SpaceOdessy/Assets
GfxDevice: creating device client; threaded=0; jobified=0
Direct3D:
    Version:  Direct3D 11.0 [level 11.1]
    Renderer: NVIDIA GeForce GTX 1650 (ID=0x1f9d)
    Vendor:   NVIDIA
    VRAM:     3950 MB
    Driver:   31.0.15.3203
Initialize mono
Mono path[0] = 'C:/Program Files/Unity/Hub/Editor/2022.3.4f1/Editor/Data/Managed'
Mono path[1] = 'C:/Program Files/Unity/Hub/Editor/2022.3.4f1/Editor/Data/MonoBleedingEdge/lib/mono/unityjit-win32'
Mono config path = 'C:/Program Files/Unity/Hub/Editor/2022.3.4f1/Editor/Data/MonoBleedingEdge/etc'
Using monoOptions --debugger-agent=transport=dt_socket,embedding=1,server=y,suspend=n,address=127.0.0.1:56368
Begin MonoManager ReloadAssembly
Registering precompiled unity dll's ...
Register platform support module: C:/Program Files/Unity/Hub/Editor/2022.3.4f1/Editor/Data/PlaybackEngines/WebGLSupport/UnityEditor.WebGL.Extensions.dll
Register platform support module: C:/Program Files/Unity/Hub/Editor/2022.3.4f1/Editor/Data/PlaybackEngines/WindowsStandaloneSupport/UnityEditor.WindowsStandalone.Extensions.dll
Registered in 0.007378 seconds.
- Loaded All Assemblies, in  0.360 seconds
Native extension for WindowsStandalone target not found
Native extension for WebGL target not found
Mono: successfully reloaded assembly
- Finished resetting the current domain, in  0.308 seconds
Domain Reload Profiling: 667ms
	BeginReloadAssembly (91ms)
		ExecutionOrderSort (0ms)
		DisableScriptedObjects (0ms)
		BackupInstance (0ms)
		ReleaseScriptingObjects (0ms)
		CreateAndSetChildDomain (1ms)
	RebuildCommonClasses (41ms)
	RebuildNativeTypeToScriptingClass (12ms)
	initialDomainReloadingComplete (64ms)
	LoadAllAssembliesAndSetupDomain (151ms)
		LoadAssemblies (90ms)
		RebuildTransferFunctionScriptingTraits (0ms)
		AnalyzeDomain (144ms)
			TypeCache.Refresh (144ms)
				TypeCache.ScanAssembly (131ms)
			ScanForSourceGeneratedMonoScriptInfo (0ms)
			ResolveRequiredComponents (0ms)
	FinalizeReload (309ms)
		ReleaseScriptCaches (0ms)
		RebuildScriptCaches (0ms)
		SetupLoadedEditorAssemblies (231ms)
			LogAssemblyErrors (0ms)
			InitializePlatformSupportModulesInManaged (15ms)
			SetLoadedEditorAssemblies (7ms)
			RefreshPlugins (0ms)
			BeforeProcessingInitializeOnLoad (2ms)
			ProcessInitializeOnLoadAttributes (150ms)
			ProcessInitializeOnLoadMethodAttributes (58ms)
			AfterProcessingInitializeOnLoad (0ms)
			EditorAssembliesLoaded (0ms)
		ExecutionOrderSort2 (0ms)
		AwakeInstancesAfterBackupRestoration (0ms)
========================================================================
Worker process is ready to serve import requests
Begin MonoManager ReloadAssembly
Symbol file LoadedFromMemory doesn't match image G:\SpaceOdessy\Library\PackageCache\com.unity.visualscripting@1.8.0\Editor\VisualScripting.Core\Dependencies\YamlDotNet\Unity.VisualScripting.YamlDotNet.dll
Symbol file LoadedFromMemory doesn't match image G:\SpaceOdessy\Library\PackageCache\com.unity.visualscripting@1.8.0\Editor\VisualScripting.Core\Dependencies\DotNetZip\Unity.VisualScripting.IonicZip.dll
- Loaded All Assemblies, in  0.797 seconds
Refreshing native plugins compatible for Editor in 2.58 ms, found 4 plugins.
Native extension for WindowsStandalone target not found
Native extension for WebGL target not found
Mono: successfully reloaded assembly
- Finished resetting the current domain, in  0.617 seconds
Domain Reload Profiling: 1413ms
	BeginReloadAssembly (147ms)
		ExecutionOrderSort (0ms)
		DisableScriptedObjects (6ms)
		BackupInstance (0ms)
		ReleaseScriptingObjects (0ms)
		CreateAndSetChildDomain (30ms)
	RebuildCommonClasses (36ms)
	RebuildNativeTypeToScriptingClass (15ms)
	initialDomainReloadingComplete (52ms)
	LoadAllAssembliesAndSetupDomain (545ms)
		LoadAssemblies (285ms)
		RebuildTransferFunctionScriptingTraits (0ms)
		AnalyzeDomain (325ms)
			TypeCache.Refresh (297ms)
				TypeCache.ScanAssembly (281ms)
			ScanForSourceGeneratedMonoScriptInfo (23ms)
			ResolveRequiredComponents (4ms)
	FinalizeReload (618ms)
		ReleaseScriptCaches (0ms)
		RebuildScriptCaches (0ms)
		SetupLoadedEditorAssemblies (429ms)
			LogAssemblyErrors (0ms)
			InitializePlatformSupportModulesInManaged (7ms)
			SetLoadedEditorAssemblies (3ms)
			RefreshPlugins (0ms)
			BeforeProcessingInitializeOnLoad (71ms)
			ProcessInitializeOnLoadAttributes (302ms)
			ProcessInitializeOnLoadMethodAttributes (39ms)
			AfterProcessingInitializeOnLoad (7ms)
			EditorAssembliesLoaded (0ms)
		ExecutionOrderSort2 (0ms)
		AwakeInstancesAfterBackupRestoration (8ms)
Launched and connected shader compiler UnityShaderCompiler.exe after 0.06 seconds
Refreshing native plugins compatible for Editor in 2.51 ms, found 4 plugins.
Preloading 0 native plugins for Editor in 0.00 ms.
Unloading 4021 Unused Serialized files (Serialized files now loaded: 0)
Unloading 69 unused Assets / (244.9 KB). Loaded Objects now: 4486.
Memory consumption went from 143.8 MB to 143.6 MB.
Total: 4.529900 ms (FindLiveObjects: 0.441300 ms CreateObjectMapping: 0.200700 ms MarkObjects: 3.636200 ms  DeleteObjects: 0.249100 ms)

AssetImportParameters requested are different than current active one (requested -> active):
  custom:container-demuxer-ogg: 62fdf1f143b41e24485cea50d1cbac27 -> 
  custom:video-codec-MediaFoundation-h265: 746d11721c4dcdbdad8f713fa42b33f4 -> 
  custom:video-decoder-ogg-theora: a1e56fd34408186e4bbccfd4996cb3dc -> 
  custom:framework-win-MediaFoundation: 216162199b28c13a410421893ffa2e32 -> 
  custom:container-demuxer-webm: 4f35f7cbe854078d1ac9338744f61a02 -> 
  custom:container-muxer-webm: aa71ff27fc2769a1b78a27578f13a17b -> 
  custom:video-decoder-webm-vp8: 9c59270c3fd7afecdb556c50c9e8de78 -> 
  custom:AudioImporter_EditorPlatform: d09bf68614088b80899f8185d706f6e7 -> 
  custom:video-encoder-webm-vp8: eb34c28f22e8b96e1ab97ce403110664 -> 
  custom:audio-decoder-ogg-vorbis: bf7c407c2cedff20999df2af8eb42d56 -> 
  custom:audio-encoder-webm-vorbis: bf7c407c2cedff20999df2af8eb42d56 -> 
========================================================================
Received Import Request.
  Time since last request: 182391.734447 seconds.
  path: Assets/Pixel Adventure 1/Assets/Terrain/Tiles
  artifactKey: Guid(df6e9ee05685fc74eb5cc2b363b0468e) Importer(815301076,1909f56bfc062723c751e8b465ee728b)
Start importing Assets/Pixel Adventure 1/Assets/Terrain/Tiles using Guid(df6e9ee05685fc74eb5cc2b363b0468e) Importer(815301076,1909f56bfc062723c751e8b465ee728b)  -> (artifact id: '3f9e815c3e5f7b196b67b26fbd9c5e54') in 0.002644 seconds
Number of updated asset objects reloaded before import = 0
Number of asset objects unloaded after import = 0
========================================================================
Received Import Request.
  Time since last request: 0.132687 seconds.
  path: Assets/Pixel Adventure 1/Assets/Terrain/Tiles/space color.asset
  artifactKey: Guid(2e2ab4ee235ecb64b85240ee82f836ad) Importer(815301076,1909f56bfc062723c751e8b465ee728b)
Start importing Assets/Pixel Adventure 1/Assets/Terrain/Tiles/space color.asset using Guid(2e2ab4ee235ecb64b85240ee82f836ad) Importer(815301076,1909f56bfc062723c751e8b465ee728b)  -> (artifact id: '8820b85301e9e118592d6095091ef35d') in 0.068007 seconds
Number of updated asset objects reloaded before import = 0
Number of asset objects unloaded after import = 3
========================================================================
Received Import Request.
  Time since last request: 1.141456 seconds.
  path: Assets/Pixel Adventure 1/Assets/Terrain/Tiles/Terrain (16x16)_95.asset
  artifactKey: Guid(7f85025543667b64292bbe26486084eb) Importer(815301076,1909f56bfc062723c751e8b465ee728b)
Start importing Assets/Pixel Adventure 1/Assets/Terrain/Tiles/Terrain (16x16)_95.asset using Guid(7f85025543667b64292bbe26486084eb) Importer(815301076,1909f56bfc062723c751e8b465ee728b)  -> (artifact id: '45e89bc427bdb460541c1bea8cce9150') in 0.014458 seconds
Number of updated asset objects reloaded before import = 0
Number of asset objects unloaded after import = 3
========================================================================
Received Import Request.
  Time since last request: 0.000040 seconds.
  path: Assets/Pixel Adventure 1/Assets/Terrain/Tiles/Terrain (16x16)_99.asset
  artifactKey: Guid(d0d94206443c51a43890a50a9488e73e) Importer(815301076,1909f56bfc062723c751e8b465ee728b)
Start importing Assets/Pixel Adventure 1/Assets/Terrain/Tiles/Terrain (16x16)_99.asset using Guid(d0d94206443c51a43890a50a9488e73e) Importer(815301076,1909f56bfc062723c751e8b465ee728b)  -> (artifact id: 'f609109cbfcf58def3847d49b1c51954') in 0.016636 seconds
Number of updated asset objects reloaded before import = 0
Number of asset objects unloaded after import = 3
========================================================================
Received Import Request.
  Time since last request: 0.000026 seconds.
  path: Assets/Pixel Adventure 1/Assets/Terrain/Tiles/Terrain (16x16)_106.asset
  artifactKey: Guid(3e3d36ba5d64b1a4b94ffc14d8391a5a) Importer(815301076,1909f56bfc062723c751e8b465ee728b)
Start importing Assets/Pixel Adventure 1/Assets/Terrain/Tiles/Terrain (16x16)_106.asset using Guid(3e3d36ba5d64b1a4b94ffc14d8391a5a) Importer(815301076,1909f56bfc062723c751e8b465ee728b)  -> (artifact id: '4bc7789f9368174dfe22416fd2d250d7') in 0.013034 seconds
Number of updated asset objects reloaded before import = 0
Number of asset objects unloaded after import = 3
========================================================================
Received Import Request.
  Time since last request: 0.000029 seconds.
  path: Assets/Pixel Adventure 1/Assets/Terrain/Tiles/Terrain (16x16)_105.asset
  artifactKey: Guid(7dec8dfbf0a737d4c918e419c4bb7b23) Importer(815301076,1909f56bfc062723c751e8b465ee728b)
Start importing Assets/Pixel Adventure 1/Assets/Terrain/Tiles/Terrain (16x16)_105.asset using Guid(7dec8dfbf0a737d4c918e419c4bb7b23) Importer(815301076,1909f56bfc062723c751e8b465ee728b)  -> (artifact id: '05b7a8a891ad14048c00228e38852447') in 0.015971 seconds
Number of updated asset objects reloaded before import = 0
Number of asset objects unloaded after import = 3
========================================================================
Received Import Request.
  Time since last request: 0.000029 seconds.
  path: Assets/Pixel Adventure 1/Assets/Terrain/Tiles/Terrain (16x16)_107.asset
  artifactKey: Guid(35e28fcf7798ccf4eb65210ec579c8ee) Importer(815301076,1909f56bfc062723c751e8b465ee728b)
Start importing Assets/Pixel Adventure 1/Assets/Terrain/Tiles/Terrain (16x16)_107.asset using Guid(35e28fcf7798ccf4eb65210ec579c8ee) Importer(815301076,1909f56bfc062723c751e8b465ee728b)  -> (artifact id: '5b092cc1099651bfd6eaec2ca24c6788') in 0.017237 seconds
Number of updated asset objects reloaded before import = 0
Number of asset objects unloaded after import = 3
========================================================================
Received Import Request.
  Time since last request: 0.000025 seconds.
  path: Assets/Pixel Adventure 1/Assets/Terrain/Tiles/Terrain (16x16)_102.asset
  artifactKey: Guid(a63f37f62243dba428b7fa45feb95eb7) Importer(815301076,1909f56bfc062723c751e8b465ee728b)
Start importing Assets/Pixel Adventure 1/Assets/Terrain/Tiles/Terrain (16x16)_102.asset using Guid(a63f37f62243dba428b7fa45feb95eb7) Importer(815301076,1909f56bfc062723c751e8b465ee728b)  -> (artifact id: '08377f843d9b98220cb0550ad92022b6') in 0.014951 seconds
Number of updated asset objects reloaded before import = 0
Number of asset objects unloaded after import = 3
========================================================================
Received Import Request.
  Time since last request: 0.000024 seconds.
  path: Assets/Pixel Adventure 1/Assets/Terrain/Tiles/Terrain (16x16)_101.asset
  artifactKey: Guid(ea0b2810643c19e4f924d22af7bfbc5f) Importer(815301076,1909f56bfc062723c751e8b465ee728b)
Start importing Assets/Pixel Adventure 1/Assets/Terrain/Tiles/Terrain (16x16)_101.asset using Guid(ea0b2810643c19e4f924d22af7bfbc5f) Importer(815301076,1909f56bfc062723c751e8b465ee728b)  -> (artifact id: '65e20716ba229a9cee60024f8e2893a7') in 0.015384 seconds
Number of updated asset objects reloaded before import = 0
Number of asset objects unloaded after import = 3
========================================================================
Received Import Request.
  Time since last request: 0.000082 seconds.
  path: Assets/Pixel Adventure 1/Assets/Terrain/Tiles/Terrain (16x16)_109.asset
  artifactKey: Guid(c8d5595e9c9cc0a4c91c28710dc576e7) Importer(815301076,1909f56bfc062723c751e8b465ee728b)
Start importing Assets/Pixel Adventure 1/Assets/Terrain/Tiles/Terrain (16x16)_109.asset using Guid(c8d5595e9c9cc0a4c91c28710dc576e7) Importer(815301076,1909f56bfc062723c751e8b465ee728b)  -> (artifact id: '0e7a471fe036ab58666fce7f2f2c7624') in 0.014269 seconds
Number of updated asset objects reloaded before import = 0
Number of asset objects unloaded after import = 3
========================================================================
Received Import Request.
  Time since last request: 0.000029 seconds.
  path: Assets/Pixel Adventure 1/Assets/Terrain/Tiles/Terrain (16x16)_100.asset
  artifactKey: Guid(711fff7b205628b409fe36cea1591fe1) Importer(815301076,1909f56bfc062723c751e8b465ee728b)
Start importing Assets/Pixel Adventure 1/Assets/Terrain/Tiles/Terrain (16x16)_100.asset using Guid(711fff7b205628b409fe36cea1591fe1) Importer(815301076,1909f56bfc062723c751e8b465ee728b)  -> (artifact id: 'b79a0d9c82ca47eea722c47b64c54d3e') in 0.015443 seconds
Number of updated asset objects reloaded before import = 0
Number of asset objects unloaded after import = 3
========================================================================
Received Import Request.
  Time since last request: 0.000022 seconds.
  path: Assets/Pixel Adventure 1/Assets/Terrain/Tiles/Terrain (16x16)_108.asset
  artifactKey: Guid(eb46ea45c26f309459362d18010a1e6d) Importer(815301076,1909f56bfc062723c751e8b465ee728b)
Start importing Assets/Pixel Adventure 1/Assets/Terrain/Tiles/Terrain (16x16)_108.asset using Guid(eb46ea45c26f309459362d18010a1e6d) Importer(815301076,1909f56bfc062723c751e8b465ee728b)  -> (artifact id: '545ee3b5788554c91bfda3880e5968ba') in 0.012939 seconds
Number of updated asset objects reloaded before import = 0
Number of asset objects unloaded after import = 3
========================================================================
Received Import Request.
  Time since last request: 0.000019 seconds.
  path: Assets/Pixel Adventure 1/Assets/Terrain/Tiles/Terrain (16x16)_104.asset
  artifactKey: Guid(1af3ce695cb6f1249993ddd8972071aa) Importer(815301076,1909f56bfc062723c751e8b465ee728b)
Start importing Assets/Pixel Adventure 1/Assets/Terrain/Tiles/Terrain (16x16)_104.asset using Guid(1af3ce695cb6f1249993ddd8972071aa) Importer(815301076,1909f56bfc062723c751e8b465ee728b)  -> (artifact id: 'ea8751ca3160fc5558e43f4b0cc9738f') in 0.013877 seconds
Number of updated asset objects reloaded before import = 0
Number of asset objects unloaded after import = 3
========================================================================
Received Import Request.
  Time since last request: 0.087778 seconds.
  path: Assets/Pixel Adventure 1/Assets/Terrain/Tiles/Terrain (16x16)_111.asset
  artifactKey: Guid(5e6df7edb6d4c8e4c9d25ee981570bbd) Importer(815301076,1909f56bfc062723c751e8b465ee728b)
Start importing Assets/Pixel Adventure 1/Assets/Terrain/Tiles/Terrain (16x16)_111.asset using Guid(5e6df7edb6d4c8e4c9d25ee981570bbd) Importer(815301076,1909f56bfc062723c751e8b465ee728b)  -> (artifact id: 'a0f6cd7cbd82e4fc8deca2c06b6a69a6') in 0.011833 seconds
Number of updated asset objects reloaded before import = 0
Number of asset objects unloaded after import = 3
========================================================================
Received Import Request.
  Time since last request: 0.000021 seconds.
  path: Assets/Pixel Adventure 1/Assets/Terrain/Tiles/Terrain (16x16)_116.asset
  artifactKey: Guid(d8e3985745721ea4f8b020d7f1e4927d) Importer(815301076,1909f56bfc062723c751e8b465ee728b)
Start importing Assets/Pixel Adventure 1/Assets/Terrain/Tiles/Terrain (16x16)_116.asset using Guid(d8e3985745721ea4f8b020d7f1e4927d) Importer(815301076,1909f56bfc062723c751e8b465ee728b)  -> (artifact id: 'e04edcc01b64a4022881e1f4c2e6947d') in 0.014493 seconds
Number of updated asset objects reloaded before import = 0
Number of asset objects unloaded after import = 3
========================================================================
Received Import Request.
  Time since last request: 0.000028 seconds.
  path: Assets/Pixel Adventure 1/Assets/Terrain/Tiles/Terrain (16x16)_124.asset
  artifactKey: Guid(a8d0d679f395dfc44ac71d409b593e01) Importer(815301076,1909f56bfc062723c751e8b465ee728b)
Start importing Assets/Pixel Adventure 1/Assets/Terrain/Tiles/Terrain (16x16)_124.asset using Guid(a8d0d679f395dfc44ac71d409b593e01) Importer(815301076,1909f56bfc062723c751e8b465ee728b)  -> (artifact id: '43c1a1f4d57ee61d51eec33276810c76') in 0.012509 seconds
Number of updated asset objects reloaded before import = 0
Number of asset objects unloaded after import = 3
========================================================================
Received Import Request.
  Time since last request: 0.000039 seconds.
  path: Assets/Pixel Adventure 1/Assets/Terrain/Tiles/Terrain (16x16)_121.asset
  artifactKey: Guid(4ebbb4549695bdf4692fab64d8560a8e) Importer(815301076,1909f56bfc062723c751e8b465ee728b)
Start importing Assets/Pixel Adventure 1/Assets/Terrain/Tiles/Terrain (16x16)_121.asset using Guid(4ebbb4549695bdf4692fab64d8560a8e) Importer(815301076,1909f56bfc062723c751e8b465ee728b)  -> (artifact id: 'b616482703ad153d022b80521b79ebd1') in 0.016068 seconds
Number of updated asset objects reloaded before import = 0
Number of asset objects unloaded after import = 3
========================================================================
Received Import Request.
  Time since last request: 0.000023 seconds.
  path: Assets/Pixel Adventure 1/Assets/Terrain/Tiles/Terrain (16x16)_125.asset
  artifactKey: Guid(91a43341f06199d489befc77e465e632) Importer(815301076,1909f56bfc062723c751e8b465ee728b)
Start importing Assets/Pixel Adventure 1/Assets/Terrain/Tiles/Terrain (16x16)_125.asset using Guid(91a43341f06199d489befc77e465e632) Importer(815301076,1909f56bfc062723c751e8b465ee728b)  -> (artifact id: 'f64f4c73aeb0789d45fa04d5262356e6') in 0.014080 seconds
Number of updated asset objects reloaded before import = 0
Number of asset objects unloaded after import = 3
========================================================================
Received Import Request.
  Time since last request: 0.000026 seconds.
  path: Assets/Pixel Adventure 1/Assets/Terrain/Tiles/Terrain (16x16)_123.asset
  artifactKey: Guid(373f635b2ebe7b54da90ae03329318f7) Importer(815301076,1909f56bfc062723c751e8b465ee728b)
Start importing Assets/Pixel Adventure 1/Assets/Terrain/Tiles/Terrain (16x16)_123.asset using Guid(373f635b2ebe7b54da90ae03329318f7) Importer(815301076,1909f56bfc062723c751e8b465ee728b)  -> (artifact id: '9e8e4cc10fd4ec7617d363ddd81caa8b') in 0.016641 seconds
Number of updated asset objects reloaded before import = 0
Number of asset objects unloaded after import = 3
========================================================================
Received Import Request.
  Time since last request: 0.000023 seconds.
  path: Assets/Pixel Adventure 1/Assets/Terrain/Tiles/Terrain (16x16)_120.asset
  artifactKey: Guid(00ea123c62b0ad0489da7cadf019450f) Importer(815301076,1909f56bfc062723c751e8b465ee728b)
Start importing Assets/Pixel Adventure 1/Assets/Terrain/Tiles/Terrain (16x16)_120.asset using Guid(00ea123c62b0ad0489da7cadf019450f) Importer(815301076,1909f56bfc062723c751e8b465ee728b)  -> (artifact id: '4f81779c032604b21f4ca3a9b751c6db') in 0.027950 seconds
Number of updated asset objects reloaded before import = 0
Number of asset objects unloaded after import = 3
========================================================================
Received Import Request.
  Time since last request: 0.000021 seconds.
  path: Assets/Pixel Adventure 1/Assets/Terrain/Tiles/Terrain (16x16)_133.asset
  artifactKey: Guid(00b5443480d5f78499d2887c84dea7a2) Importer(815301076,1909f56bfc062723c751e8b465ee728b)
Start importing Assets/Pixel Adventure 1/Assets/Terrain/Tiles/Terrain (16x16)_133.asset using Guid(00b5443480d5f78499d2887c84dea7a2) Importer(815301076,1909f56bfc062723c751e8b465ee728b)  -> (artifact id: '1d930fe5c08c8ed670b0cda6e78294dc') in 0.013177 seconds
Number of updated asset objects reloaded before import = 0
Number of asset objects unloaded after import = 3
========================================================================
Received Import Request.
  Time since last request: 0.000026 seconds.
  path: Assets/Pixel Adventure 1/Assets/Terrain/Tiles/Terrain (16x16)_129.asset
  artifactKey: Guid(5dd2c87d6d268a5419d94ce3d70ed787) Importer(815301076,1909f56bfc062723c751e8b465ee728b)
Start importing Assets/Pixel Adventure 1/Assets/Terrain/Tiles/Terrain (16x16)_129.asset using Guid(5dd2c87d6d268a5419d94ce3d70ed787) Importer(815301076,1909f56bfc062723c751e8b465ee728b)  -> (artifact id: 'ad99f27255f62078e04a4a0e2420561a') in 0.014356 seconds
Number of updated asset objects reloaded before import = 0
Number of asset objects unloaded after import = 3
========================================================================
Received Import Request.
  Time since last request: 0.000039 seconds.
  path: Assets/Pixel Adventure 1/Assets/Terrain/Tiles/Terrain (16x16)_143.asset
  artifactKey: Guid(efbf79c09e7af5a4cb55c6c3e4dbe585) Importer(815301076,1909f56bfc062723c751e8b465ee728b)
Start importing Assets/Pixel Adventure 1/Assets/Terrain/Tiles/Terrain (16x16)_143.asset using Guid(efbf79c09e7af5a4cb55c6c3e4dbe585) Importer(815301076,1909f56bfc062723c751e8b465ee728b)  -> (artifact id: '006c3c88a1cfe842e3f762680581bbd7') in 0.013443 seconds
Number of updated asset objects reloaded before import = 0
Number of asset objects unloaded after import = 3
========================================================================
Received Import Request.
  Time since last request: 0.000025 seconds.
  path: Assets/Pixel Adventure 1/Assets/Terrain/Tiles/Terrain (16x16)_136.asset
  artifactKey: Guid(5c0910d88cbc8b14280dd8ca8c9c71ab) Importer(815301076,1909f56bfc062723c751e8b465ee728b)
Start importing Assets/Pixel Adventure 1/Assets/Terrain/Tiles/Terrain (16x16)_136.asset using Guid(5c0910d88cbc8b14280dd8ca8c9c71ab) Importer(815301076,1909f56bfc062723c751e8b465ee728b)  -> (artifact id: '5915a658b67694c21db06d1ffbb8ca4b') in 0.012297 seconds
Number of updated asset objects reloaded before import = 0
Number of asset objects unloaded after import = 3
========================================================================
Received Import Request.
  Time since last request: 0.000031 seconds.
  path: Assets/Pixel Adventure 1/Assets/Terrain/Tiles/Terrain (16x16)_130.asset
  artifactKey: Guid(62d64016d8e19944b803c7982961dae2) Importer(815301076,1909f56bfc062723c751e8b465ee728b)
Start importing Assets/Pixel Adventure 1/Assets/Terrain/Tiles/Terrain (16x16)_130.asset using Guid(62d64016d8e19944b803c7982961dae2) Importer(815301076,1909f56bfc062723c751e8b465ee728b)  -> (artifact id: '6b26953bae755c6dc692a051ec347b6a') in 0.013450 seconds
Number of updated asset objects reloaded before import = 0
Number of asset objects unloaded after import = 3
========================================================================
Received Import Request.
  Time since last request: 0.000026 seconds.
  path: Assets/Pixel Adventure 1/Assets/Terrain/Tiles/Terrain (16x16)_141.asset
  artifactKey: Guid(1f6c91d74ffffba488362cb54df74415) Importer(815301076,1909f56bfc062723c751e8b465ee728b)
Start importing Assets/Pixel Adventure 1/Assets/Terrain/Tiles/Terrain (16x16)_141.asset using Guid(1f6c91d74ffffba488362cb54df74415) Importer(815301076,1909f56bfc062723c751e8b465ee728b)  -> (artifact id: 'c383e5d80e784aec2842ec2f0fe6853f') in 0.013419 seconds
Number of updated asset objects reloaded before import = 0
Number of asset objects unloaded after import = 3
========================================================================
Received Import Request.
  Time since last request: 0.000022 seconds.
  path: Assets/Pixel Adventure 1/Assets/Terrain/Tiles/Terrain (16x16)_142.asset
  artifactKey: Guid(ca1d65b5d402ae643b7b7f2ea91634b2) Importer(815301076,1909f56bfc062723c751e8b465ee728b)
Start importing Assets/Pixel Adventure 1/Assets/Terrain/Tiles/Terrain (16x16)_142.asset using Guid(ca1d65b5d402ae643b7b7f2ea91634b2) Importer(815301076,1909f56bfc062723c751e8b465ee728b)  -> (artifact id: '0c2c9607628858230965c3856529e673') in 0.014489 seconds
Number of updated asset objects reloaded before import = 0
Number of asset objects unloaded after import = 3
========================================================================
Received Import Request.
  Time since last request: 0.000019 seconds.
  path: Assets/Pixel Adventure 1/Assets/Terrain/Tiles/Terrain (16x16)_115.asset
  artifactKey: Guid(c85d3f5a7b5d4a74a86d59c7b3752a2e) Importer(815301076,1909f56bfc062723c751e8b465ee728b)
Start importing Assets/Pixel Adventure 1/Assets/Terrain/Tiles/Terrain (16x16)_115.asset using Guid(c85d3f5a7b5d4a74a86d59c7b3752a2e) Importer(815301076,1909f56bfc062723c751e8b465ee728b)  -> (artifact id: 'a2eb5ef2c252286eb586a18f5c4e6f88') in 0.013236 seconds
Number of updated asset objects reloaded before import = 0
Number of asset objects unloaded after import = 3
========================================================================
Received Import Request.
  Time since last request: 0.000050 seconds.
  path: Assets/Pixel Adventure 1/Assets/Terrain/Tiles/Terrain (16x16)_137.asset
  artifactKey: Guid(3646abee2744cd641a168f34a75165cc) Importer(815301076,1909f56bfc062723c751e8b465ee728b)
Start importing Assets/Pixel Adventure 1/Assets/Terrain/Tiles/Terrain (16x16)_137.asset using Guid(3646abee2744cd641a168f34a75165cc) Importer(815301076,1909f56bfc062723c751e8b465ee728b)  -> (artifact id: 'e68f5998a476aaa1f4473cd97f453f15') in 0.017923 seconds
Number of updated asset objects reloaded before import = 0
Number of asset objects unloaded after import = 3
========================================================================
Received Import Request.
  Time since last request: 0.000067 seconds.
  path: Assets/Pixel Adventure 1/Assets/Terrain/Tiles/Terrain (16x16)_119.asset
  artifactKey: Guid(047ac450509d1444ca0a8eb1e0754fb8) Importer(815301076,1909f56bfc062723c751e8b465ee728b)
Start importing Assets/Pixel Adventure 1/Assets/Terrain/Tiles/Terrain (16x16)_119.asset using Guid(047ac450509d1444ca0a8eb1e0754fb8) Importer(815301076,1909f56bfc062723c751e8b465ee728b)  -> (artifact id: 'b346582fa88556d107a2a051708f32e2') in 0.017475 seconds
Number of updated asset objects reloaded before import = 0
Number of asset objects unloaded after import = 3
========================================================================
Received Import Request.
  Time since last request: 16.932702 seconds.
  path: Assets/Pixel Adventure 1/Assets/Background/space color.png
  artifactKey: Guid(6ac4c9658930a8e4abd758e434d5a107) Importer(815301076,1909f56bfc062723c751e8b465ee728b)
Start importing Assets/Pixel Adventure 1/Assets/Background/space color.png using Guid(6ac4c9658930a8e4abd758e434d5a107) Importer(815301076,1909f56bfc062723c751e8b465ee728b)  -> (artifact id: 'd4760a25b373732c6bc7f7ca55343127') in 0.038702 seconds
Number of updated asset objects reloaded before import = 0
Number of asset objects unloaded after import = 3
========================================================================
Received Prepare
Refreshing native plugins compatible for Editor in 4.55 ms, found 4 plugins.
Preloading 0 native plugins for Editor in 0.00 ms.
Unloading 6 Unused Serialized files (Serialized files now loaded: 0)
Unloading 7 unused Assets / (196.5 KB). Loaded Objects now: 4494.
Memory consumption went from 82.4 MB to 82.2 MB.
Total: 8.296600 ms (FindLiveObjects: 0.728500 ms CreateObjectMapping: 0.626000 ms MarkObjects: 6.584300 ms  DeleteObjects: 0.356000 ms)

Prepare: number of updated asset objects reloaded= 0
AssetImportParameters requested are different than current active one (requested -> active):
  custom:container-demuxer-ogg: 62fdf1f143b41e24485cea50d1cbac27 -> 
  custom:video-codec-MediaFoundation-h265: 746d11721c4dcdbdad8f713fa42b33f4 -> 
  custom:video-decoder-ogg-theora: a1e56fd34408186e4bbccfd4996cb3dc -> 
  custom:framework-win-MediaFoundation: 216162199b28c13a410421893ffa2e32 -> 
  custom:CustomObjectIndexerAttribute: 756ad292c208cfabdd7b50bc23989ffe -> 
  custom:container-demuxer-webm: 4f35f7cbe854078d1ac9338744f61a02 -> 
  custom:container-muxer-webm: aa71ff27fc2769a1b78a27578f13a17b -> 
  custom:video-decoder-webm-vp8: 9c59270c3fd7afecdb556c50c9e8de78 -> 
  custom:AudioImporter_EditorPlatform: d09bf68614088b80899f8185d706f6e7 -> 
  custom:video-encoder-webm-vp8: eb34c28f22e8b96e1ab97ce403110664 -> 
  custom:audio-decoder-ogg-vorbis: bf7c407c2cedff20999df2af8eb42d56 -> 
  custom:audio-encoder-webm-vorbis: bf7c407c2cedff20999df2af8eb42d56 -> 
========================================================================
Received Import Request.
  Time since last request: 9.677994 seconds.
  path: Assets/Pixel Adventure 1/Assets/Background/space color.png
  artifactKey: Guid(6ac4c9658930a8e4abd758e434d5a107) Importer(815301076,1909f56bfc062723c751e8b465ee728b)
Start importing Assets/Pixel Adventure 1/Assets/Background/space color.png using Guid(6ac4c9658930a8e4abd758e434d5a107) Importer(815301076,1909f56bfc062723c751e8b465ee728b)  -> (artifact id: 'e2b2ac4966b903704cb9d76e356ec2bd') in 0.015461 seconds
Number of updated asset objects reloaded before import = 0
Number of asset objects unloaded after import = 3
========================================================================
Received Import Request.
  Time since last request: 51.476810 seconds.
  path: Assets/Pixel Adventure 1/Assets/Background/space color_1.asset
  artifactKey: Guid(89df183c0519b4f468d403d91dffd524) Importer(815301076,1909f56bfc062723c751e8b465ee728b)
Start importing Assets/Pixel Adventure 1/Assets/Background/space color_1.asset using Guid(89df183c0519b4f468d403d91dffd524) Importer(815301076,1909f56bfc062723c751e8b465ee728b)  -> (artifact id: '3ec42659981b8da68aceab74b137412d') in 0.007386 seconds
Number of updated asset objects reloaded before import = 0
Number of asset objects unloaded after import = 3
========================================================================
Received Import Request.
  Time since last request: 0.005690 seconds.
  path: Assets/Pixel Adventure 1/Assets/Background/space color_3.asset
  artifactKey: Guid(194cbe80a01c0c844a278bc9687f865d) Importer(815301076,1909f56bfc062723c751e8b465ee728b)
Start importing Assets/Pixel Adventure 1/Assets/Background/space color_3.asset using Guid(194cbe80a01c0c844a278bc9687f865d) Importer(815301076,1909f56bfc062723c751e8b465ee728b)  -> (artifact id: '58099e0c9dc5589205872dd3cd816197') in 0.009557 seconds
Number of updated asset objects reloaded before import = 0
Number of asset objects unloaded after import = 3
========================================================================
Received Import Request.
  Time since last request: 0.005927 seconds.
  path: Assets/Pixel Adventure 1/Assets/Background/space color_5.asset
  artifactKey: Guid(bca155ebfbec2d048bfb3134d05ab7eb) Importer(815301076,1909f56bfc062723c751e8b465ee728b)
Start importing Assets/Pixel Adventure 1/Assets/Background/space color_5.asset using Guid(bca155ebfbec2d048bfb3134d05ab7eb) Importer(815301076,1909f56bfc062723c751e8b465ee728b)  -> (artifact id: 'b28e97f7c66d8e4216631c671e92bca6') in 0.010610 seconds
Number of updated asset objects reloaded before import = 0
Number of asset objects unloaded after import = 3
========================================================================
Received Import Request.
  Time since last request: 0.000046 seconds.
  path: Assets/Pixel Adventure 1/Assets/Background/space color_14.asset
  artifactKey: Guid(f22a109f8b528e045b1a3b3aee901c81) Importer(815301076,1909f56bfc062723c751e8b465ee728b)
Start importing Assets/Pixel Adventure 1/Assets/Background/space color_14.asset using Guid(f22a109f8b528e045b1a3b3aee901c81) Importer(815301076,1909f56bfc062723c751e8b465ee728b)  -> (artifact id: '844241f8bc2e7845f0cc1adb859ead14') in 0.009720 seconds
Number of updated asset objects reloaded before import = 0
Number of asset objects unloaded after import = 3
========================================================================
Received Import Request.
  Time since last request: 0.000064 seconds.
  path: Assets/Pixel Adventure 1/Assets/Background/space color_7.asset
  artifactKey: Guid(fc6842526e5bb604d9b5a46c6d6f8a17) Importer(815301076,1909f56bfc062723c751e8b465ee728b)
Start importing Assets/Pixel Adventure 1/Assets/Background/space color_7.asset using Guid(fc6842526e5bb604d9b5a46c6d6f8a17) Importer(815301076,1909f56bfc062723c751e8b465ee728b)  -> (artifact id: 'cdf5504d15c586ac7e41835a4c9d5ac8') in 0.009684 seconds
Number of updated asset objects reloaded before import = 0
Number of asset objects unloaded after import = 3
========================================================================
Received Import Request.
  Time since last request: 0.000041 seconds.
  path: Assets/Pixel Adventure 1/Assets/Background/space color_10.asset
  artifactKey: Guid(22d3be7a6398586448934d33c6a08be1) Importer(815301076,1909f56bfc062723c751e8b465ee728b)
Start importing Assets/Pixel Adventure 1/Assets/Background/space color_10.asset using Guid(22d3be7a6398586448934d33c6a08be1) Importer(815301076,1909f56bfc062723c751e8b465ee728b)  -> (artifact id: 'e5c5070e2f6c51ab0c06254b238625d1') in 0.011650 seconds
Number of updated asset objects reloaded before import = 0
Number of asset objects unloaded after import = 3
========================================================================
Received Import Request.
  Time since last request: 0.000026 seconds.
  path: Assets/Pixel Adventure 1/Assets/Background/space color_2.asset
  artifactKey: Guid(5810904bde60dfa4ea5cefd346468425) Importer(815301076,1909f56bfc062723c751e8b465ee728b)
Start importing Assets/Pixel Adventure 1/Assets/Background/space color_2.asset using Guid(5810904bde60dfa4ea5cefd346468425) Importer(815301076,1909f56bfc062723c751e8b465ee728b)  -> (artifact id: '607e4fc9abad37e8e9d06acc578f0c24') in 0.009949 seconds
Number of updated asset objects reloaded before import = 0
Number of asset objects unloaded after import = 3
========================================================================
Received Import Request.
  Time since last request: 0.000034 seconds.
  path: Assets/Pixel Adventure 1/Assets/Background/space color_8.asset
  artifactKey: Guid(b273aaeb81fdd634ba8a4b0da0b522c5) Importer(815301076,1909f56bfc062723c751e8b465ee728b)
Start importing Assets/Pixel Adventure 1/Assets/Background/space color_8.asset using Guid(b273aaeb81fdd634ba8a4b0da0b522c5) Importer(815301076,1909f56bfc062723c751e8b465ee728b)  -> (artifact id: '531609552cf3e0e3be6186fc2613de3c') in 0.012085 seconds
Number of updated asset objects reloaded before import = 0
Number of asset objects unloaded after import = 3
Editor requested this worker to shutdown with reason: Scaling down because of idle timeout
TcpMessagingSession - receive error: operation aborted. errorcode: 995, details: The I/O operation has been aborted because of either a thread exit or an application request.
AssetImportWorker is now disconnected from the server
Process exiting
Exiting without the bug reporter. Application will terminate with return code 0